미로 찾기 시작


[1, 1]에서 시작 
[2, 2]로 이동 
[1, 3]로 이동 
[1, 4]로 이동 
[1, 5]로 이동 
[2, 4]로 이동 
[3, 5]로 이동 
[3, 6]로 이동 
[2, 7]로 이동 
[1, 8]로 이동 
[1, 9]로 이동 
[1, 10]로 이동 
[2, 11]로 이동 
[2, 12]로 이동 
[3, 13]로 이동 
[4, 14]로 이동 
[4, 15]로 이동 
[3, 12]로 이동 
[4, 11]로 이동 
[3, 7]로 이동 
[4, 8]로 이동 
[5, 8]로 이동 
[6, 9]로 이동 
[3, 4]로 이동 
[4, 3]로 이동 
[5, 3]로 이동 
[6, 2]로 이동 
[7, 1]로 이동 
[6, 1]로 이동 
[8, 2]로 이동 
[9, 3]로 이동 
[9, 4]로 이동 
[8, 5]로 이동 
[7, 6]로 이동 
[7, 7]로 이동 
[8, 8]로 이동 
[9, 8]로 이동 
[10, 9]로 이동 
[10, 10]로 이동 
[9, 11]로 이동 
[9, 12]로 이동 
[9, 13]로 이동 
[8, 14]로 이동 
[9, 15]로 이동 
[10, 15]로 이동 
[11, 15]로 이동 


최소경로 출력

1. [1, 1] 
2. [2, 2] 
3. [1, 3] 
4. [1, 4] 
5. [1, 5] 
6. [2, 4] 
7. [3, 5] 
8. [3, 4] 
9. [4, 3] 
10. [5, 3] 
11. [6, 2] 
12. [7, 1] 
13. [8, 2] 
14. [9, 3] 
15. [9, 4] 
16. [8, 5] 
17. [7, 6] 
18. [7, 7] 
19. [8, 8] 
20. [9, 8] 
21. [10, 9] 
22. [10, 10] 
23. [9, 11] 
24. [9, 12] 
25. [9, 13] 
26. [8, 14] 
27. [9, 15] 
28. [10, 15] 
29. [11, 15] 
